<?xml version="1.0" encoding="UTF-8"?>
<testng-results ignored="0" total="2" passed="2" failed="0" skipped="0">
  <reporter-output>
  </reporter-output>
  <suite started-at="2024-01-15T12:44:45 IST" name="Default suite" finished-at="2024-01-15T12:44:48 IST" duration-ms="3801">
    <groups>
    </groups>
    <test started-at="2024-01-15T12:44:45 IST" name="Default test" finished-at="2024-01-15T12:44:48 IST" duration-ms="3801">
      <class name="seleniumUdemy.seleniumTut2">
        <test-method signature="login()[pri:1, instance:seleniumUdemy.seleniumTut2@45cff11c]" started-at="2024-01-15T12:44:45 IST" name="login" finished-at="2024-01-15T12:44:45 IST" duration-ms="718" status="PASS">
          <reporter-output>
          </reporter-output>
        </test-method> <!-- login -->
        <test-method signature="assertionTest()[pri:2, instance:seleniumUdemy.seleniumTut2@45cff11c]" started-at="2024-01-15T12:44:45 IST" name="assertionTest" finished-at="2024-01-15T12:44:48 IST" duration-ms="3046" status="PASS">
          <reporter-output>
          </reporter-output>
        </test-method> <!-- assertionTest -->
      </class> <!-- seleniumUdemy.seleniumTut2 -->
    </test> <!-- Default test -->
  </suite> <!-- Default suite -->
</testng-results>
